Arguments: 
  /Users/xuzhanhong/.nvm/versions/node/v8.11.3/bin/node /usr/local/bin/yarn add koa-router -S

PATH: 
  /Users/xuzhanhong/.nvm/versions/node/v8.11.3/bin:/usr/local/mysql/bin:/Library/Frameworks/Python.framework/Versions/2.7/bin:/usr/local/mysql/bin:/Library/Frameworks/Python.framework/Versions/2.7/bin:/Library/Frameworks/Python.framework/Versions/2.7/bin:/usr/local/bin:/usr/bin:/bin:/usr/sbin:/sbin:/Applications/VMware Fusion.app/Contents/Public:/Library/Frameworks/Mono.framework/Versions/Current/Commands:/usr/local/mysql/bin:/Library/Frameworks/Python.framework/Versions/2.7/bin:/Users/xuzhanhong/utils:/Users/xuzhanhong/utils

Yarn version: 
  1.3.2

Node version: 
  8.11.3

Platform: 
  darwin x64

npm manifest: 
  {
    "name": "puppeteer",
    "version": "1.0.0",
    "description": "",
    "main": "index.js",
    "scripts": {
      "test": "echo \"Error: no test specified\" && exit 1",
      "start": "nodemon ./example.js"
    },
    "author": "",
    "license": "ISC",
    "dependencies": {
      "koa-convert": "^1.2.0",
      "koa-generic-session": "^2.0.1",
      "koa-redis": "^3.1.2",
      "redis": "^2.8.0"
    }
  }

yarn manifest: 
  No manifest

Lockfile: 
  # THIS IS AN AUTOGENERATED FILE. DO NOT EDIT THIS FILE DIRECTLY.
  # yarn lockfile v1
  
  
  any-promise@^1.1.0:
    version "1.3.0"
    resolved "https://registry.yarnpkg.com/any-promise/-/any-promise-1.3.0.tgz#abc6afeedcea52e809cdc0376aed3ce39635d17f"
  
  bindings@^1.2.1:
    version "1.3.0"
    resolved "https://registry.yarnpkg.com/bindings/-/bindings-1.3.0.tgz#b346f6ecf6a95f5a815c5839fc7cdb22502f1ed7"
  
  co-redis@^2.1.1:
    version "2.1.1"
    resolved "https://registry.yarnpkg.com/co-redis/-/co-redis-2.1.1.tgz#8bc3717977c9ee5bfb6b28f39ae01bcf724d2dde"
    dependencies:
      es6-promisify "^4.1.0"
  
  co-wrap-all@^1.0.0:
    version "1.0.0"
    resolved "https://registry.yarnpkg.com/co-wrap-all/-/co-wrap-all-1.0.0.tgz#370ae3e8333510a53f6b2f7fdfbe4568a11b7ecf"
    dependencies:
      co "^4.0.0"
  
  co@^4.0.0, co@^4.6.0:
    version "4.6.0"
    resolved "https://registry.yarnpkg.com/co/-/co-4.6.0.tgz#6ea6bdf3d853ae54ccb8e47bfa0bf3f9031fb184"
  
  copy-to@~2.0.1:
    version "2.0.1"
    resolved "https://registry.yarnpkg.com/copy-to/-/copy-to-2.0.1.tgz#2680fbb8068a48d08656b6098092bdafc906f4a5"
  
  crc@~3.5.0:
    version "3.5.0"
    resolved "https://registry.yarnpkg.com/crc/-/crc-3.5.0.tgz#98b8ba7d489665ba3979f59b21381374101a1964"
  
  debug@^3.1.0, debug@~3.1.0:
    version "3.1.0"
    resolved "https://registry.yarnpkg.com/debug/-/debug-3.1.0.tgz#5bb5a0672628b64149566ba16819e61518c67261"
    dependencies:
      ms "2.0.0"
  
  double-ended-queue@^2.1.0-0:
    version "2.1.0-0"
    resolved "https://registry.yarnpkg.com/double-ended-queue/-/double-ended-queue-2.1.0-0.tgz#103d3527fd31528f40188130c841efdd78264e5c"
  
  es6-promise@^3.2.1:
    version "3.3.1"
    resolved "https://registry.yarnpkg.com/es6-promise/-/es6-promise-3.3.1.tgz#a08cdde84ccdbf34d027a1451bc91d4bcd28a613"
  
  es6-promisify@^4.1.0:
    version "4.1.0"
    resolved "https://registry.yarnpkg.com/es6-promisify/-/es6-promisify-4.1.0.tgz#dbcc1a3e93fdb8e9e709744182b7d2080c03fdb3"
    dependencies:
      es6-promise "^3.2.1"
  
  hiredis@~0.5.0:
    version "0.5.0"
    resolved "https://registry.yarnpkg.com/hiredis/-/hiredis-0.5.0.tgz#db03a98becd7003d13c260043aceecfacdf59b87"
    dependencies:
      bindings "^1.2.1"
      nan "^2.3.4"
  
  koa-compose@^3.0.0:
    version "3.2.1"
    resolved "https://registry.yarnpkg.com/koa-compose/-/koa-compose-3.2.1.tgz#a85ccb40b7d986d8e5a345b3a1ace8eabcf54de7"
    dependencies:
      any-promise "^1.1.0"
  
  koa-convert@^1.2.0:
    version "1.2.0"
    resolved "https://registry.yarnpkg.com/koa-convert/-/koa-convert-1.2.0.tgz#da40875df49de0539098d1700b50820cebcd21d0"
    dependencies:
      co "^4.6.0"
      koa-compose "^3.0.0"
  
  koa-generic-session@^2.0.1:
    version "2.0.1"
    resolved "https://registry.yarnpkg.com/koa-generic-session/-/koa-generic-session-2.0.1.tgz#d6bdf4f288b2f553065d049a630c28c76d877ccf"
    dependencies:
      copy-to "~2.0.1"
      crc "~3.5.0"
      debug "~3.1.0"
      parseurl "~1.3.1"
      uid-safe "~2.1.4"
  
  koa-redis@^3.1.2:
    version "3.1.2"
    resolved "https://registry.yarnpkg.com/koa-redis/-/koa-redis-3.1.2.tgz#5b9c8c63f06b44878d9b27ab8f90e3f4d11e77bb"
    dependencies:
      co-redis "^2.1.1"
      co-wrap-all "^1.0.0"
      debug "^3.1.0"
      redis "^2.8.0"
    optionalDependencies:
      hiredis "~0.5.0"
  
  ms@2.0.0:
    version "2.0.0"
    resolved "https://registry.yarnpkg.com/ms/-/ms-2.0.0.tgz#5608aeadfc00be6c2901df5f9861788de0d597c8"
  
  nan@^2.3.4:
    version "2.10.0"
    resolved "https://registry.yarnpkg.com/nan/-/nan-2.10.0.tgz#96d0cd610ebd58d4b4de9cc0c6828cda99c7548f"
  
  parseurl@~1.3.1:
    version "1.3.2"
    resolved "https://registry.yarnpkg.com/parseurl/-/parseurl-1.3.2.tgz#fc289d4ed8993119460c156253262cdc8de65bf3"
  
  random-bytes@~1.0.0:
    version "1.0.0"
    resolved "https://registry.yarnpkg.com/random-bytes/-/random-bytes-1.0.0.tgz#4f68a1dc0ae58bd3fb95848c30324db75d64360b"
  
  redis-commands@^1.2.0:
    version "1.3.5"
    resolved "https://registry.yarnpkg.com/redis-commands/-/redis-commands-1.3.5.tgz#4495889414f1e886261180b1442e7295602d83a2"
  
  redis-parser@^2.6.0:
    version "2.6.0"
    resolved "https://registry.yarnpkg.com/redis-parser/-/redis-parser-2.6.0.tgz#52ed09dacac108f1a631c07e9b69941e7a19504b"
  
  redis@^2.8.0:
    version "2.8.0"
    resolved "https://registry.yarnpkg.com/redis/-/redis-2.8.0.tgz#202288e3f58c49f6079d97af7a10e1303ae14b02"
    dependencies:
      double-ended-queue "^2.1.0-0"
      redis-commands "^1.2.0"
      redis-parser "^2.6.0"
  
  uid-safe@~2.1.4:
    version "2.1.5"
    resolved "https://registry.yarnpkg.com/uid-safe/-/uid-safe-2.1.5.tgz#2b3d5c7240e8fc2e58f8aa269e5ee49c0857bd3a"
    dependencies:
      random-bytes "~1.0.0"

Trace: 
  Error: https://registry.yarnpkg.com/koa-router: ETIMEDOUT
      at Timeout._onTimeout (/usr/local/lib/node_modules/yarn/lib/cli.js:123749:19)
      at ontimeout (timers.js:498:11)
      at tryOnTimeout (timers.js:323:5)
      at Timer.listOnTimeout (timers.js:290:5)
